[10:02:43][main/INFO] *** Hello Minecraft! Launcher 2.3.4.11 ***
[10:02:43][main/INFO] Initialized settings.
[10:02:44][UpdateChecker/WARN] Failed to get update url.
java.net.SocketException: Host is down
	at java.net.PlainSocketImpl.socketConnect(Native Method)
	at java.net.PlainSocketImpl.doConnect(PlainSocketImpl.java:382)
	at java.net.PlainSocketImpl.connectToAddress(PlainSocketImpl.java:241)
	at java.net.PlainSocketImpl.connect(PlainSocketImpl.java:228)
	at java.net.SocksSocketImpl.connect(SocksSocketImpl.java:431)
	at java.net.Socket.connect(Socket.java:527)
	at java.net.Socket.connect(Socket.java:476)
	at sun.net.NetworkClient.doConnect(NetworkClient.java:163)
	at sun.net.www.http.HttpClient.openServer(HttpClient.java:424)
	at sun.net.www.http.HttpClient.openServer(HttpClient.java:538)
	at sun.net.www.http.HttpClient.<init>(HttpClient.java:214)
	at sun.net.www.http.HttpClient.New(HttpClient.java:300)
	at sun.net.www.http.HttpClient.New(HttpClient.java:319)
	at sun.net.www.protocol.http.HttpURLConnection.getNewHttpClient(HttpURLConnection.java:987)
	at sun.net.www.protocol.http.HttpURLConnection.plainConnect(HttpURLConnection.java:923)
	at sun.net.www.protocol.http.HttpURLConnection.connect(HttpURLConnection.java:841)
	at sun.net.www.protocol.http.HttpURLConnection.getInputStream(HttpURLConnection.java:1195)
	at org.jackhuang.hellominecraft.utils.NetUtils.doGet(NetUtils.java:66)
	at org.jackhuang.hellominecraft.utils.NetUtils.doGet(NetUtils.java:70)
	at org.jackhuang.hellominecraft.utils.UpdateChecker.run(UpdateChecker.java:53)
[10:02:47][AWT-EventQueue-0/INFO] Start generating launching command...
[10:02:47][Game Launcher/WARN] Login failed by method: Offline, state: false, error reason: You have not set username!
[10:02:53][AWT-EventQueue-0/INFO] Start generating launching command...
[10:02:53][Game Launcher/INFO] *** Make shell command ***
[10:02:53][Game Launcher/INFO] On making head command.
[10:02:53][Game Launcher/INFO] Java Version: 1.6.0_65
[10:02:53][Game Launcher/INFO] Java Platform: 64
[10:02:53][Game Launcher/INFO] System Platform: 64
[10:02:53][Game Launcher/INFO] System Physical Memory: 16384
[10:02:53][Game Launcher/INFO] On making launcher args.
